{"/home/chris/Documents/Udacity/Capstone/chat-app/backend/src/auth/utils.ts": {"path":"/home/chris/Documents/Udacity/Capstone/chat-app/backend/src/auth/utils.ts","statementMap":{"0":{"start":{"line":1,"column":0},"end":{"line":1,"column":37}},"1":{"start":{"line":11,"column":21},"end":{"line":11,"column":51}},"2":{"start":{"line":12,"column":2},"end":{"line":12,"column":null}},"3":{"start":{"line":10,"column":0},"end":{"line":10,"column":16}}},"fnMap":{"0":{"name":"parseUserId","decl":{"start":{"line":10,"column":16},"end":{"line":10,"column":27}},"loc":{"start":{"line":10,"column":44},"end":{"line":13,"column":1}}}},"branchMap":{},"s":{"0":3,"1":0,"2":0,"3":3},"f":{"0":0},"b":{}}
,"/home/chris/Documents/Udacity/Capstone/chat-app/backend/src/businessLogic/blogs.ts": {"path":"/home/chris/Documents/Udacity/Capstone/chat-app/backend/src/businessLogic/blogs.ts","statementMap":{"0":{"start":{"line":1,"column":0},"end":{"line":1,"column":51}},"1":{"start":{"line":2,"column":0},"end":{"line":2,"column":61}},"2":{"start":{"line":6,"column":0},"end":{"line":6,"column":46}},"3":{"start":{"line":7,"column":0},"end":{"line":7,"column":28}},"4":{"start":{"line":10,"column":31},"end":{"line":10,"column":47}},"5":{"start":{"line":11,"column":24},"end":{"line":11,"column":45}},"6":{"start":{"line":12,"column":15},"end":{"line":12,"column":50}},"7":{"start":{"line":14,"column":4},"end":{"line":23,"column":null}},"8":{"start":{"line":15,"column":20},"end":{"line":15,"column":56}},"9":{"start":{"line":16,"column":8},"end":{"line":16,"column":null}},"10":{"start":{"line":18,"column":8},"end":{"line":21,"column":null}},"11":{"start":{"line":22,"column":8},"end":{"line":22,"column":null}},"12":{"start":{"line":13,"column":0},"end":{"line":13,"column":7}},"13":{"start":{"line":29,"column":19},"end":{"line":29,"column":28}},"14":{"start":{"line":31,"column":4},"end":{"line":38,"column":null}},"15":{"start":{"line":40,"column":4},"end":{"line":50,"column":null}},"16":{"start":{"line":41,"column":8},"end":{"line":41,"column":null}},"17":{"start":{"line":42,"column":8},"end":{"line":42,"column":null}},"18":{"start":{"line":44,"column":8},"end":{"line":48,"column":null}},"19":{"start":{"line":49,"column":8},"end":{"line":49,"column":null}},"20":{"start":{"line":27,"column":0},"end":{"line":27,"column":7}},"21":{"start":{"line":55,"column":20},"end":{"line":56,"column":null}},"22":{"start":{"line":59,"column":4},"end":{"line":63,"column":null}},"23":{"start":{"line":60,"column":8},"end":{"line":60,"column":null}},"24":{"start":{"line":62,"column":8},"end":{"line":62,"column":null}},"25":{"start":{"line":54,"column":0},"end":{"line":54,"column":7}},"26":{"start":{"line":68,"column":4},"end":{"line":72,"column":null}},"27":{"start":{"line":69,"column":8},"end":{"line":69,"column":null}},"28":{"start":{"line":71,"column":8},"end":{"line":71,"column":null}},"29":{"start":{"line":66,"column":0},"end":{"line":66,"column":7}},"30":{"start":{"line":76,"column":4},"end":{"line":88,"column":null}},"31":{"start":{"line":77,"column":24},"end":{"line":77,"column":33}},"32":{"start":{"line":78,"column":18},"end":{"line":78,"column":66}},"33":{"start":{"line":79,"column":8},"end":{"line":79,"column":null}},"34":{"start":{"line":80,"column":8},"end":{"line":80,"column":null}},"35":{"start":{"line":82,"column":8},"end":{"line":86,"column":null}},"36":{"start":{"line":87,"column":8},"end":{"line":87,"column":null}},"37":{"start":{"line":75,"column":0},"end":{"line":75,"column":7}}},"fnMap":{"0":{"name":"getBlogForUser","decl":{"start":{"line":13,"column":22},"end":{"line":13,"column":36}},"loc":{"start":{"line":13,"column":51},"end":{"line":24,"column":1}}},"1":{"name":"createBlog","decl":{"start":{"line":27,"column":22},"end":{"line":27,"column":32}},"loc":{"start":{"line":27,"column":79},"end":{"line":52,"column":1}}},"2":{"name":"updateBlog","decl":{"start":{"line":54,"column":22},"end":{"line":54,"column":32}},"loc":{"start":{"line":54,"column":98},"end":{"line":64,"column":1}}},"3":{"name":"deleteBlog","decl":{"start":{"line":66,"column":22},"end":{"line":66,"column":32}},"loc":{"start":{"line":66,"column":63},"end":{"line":73,"column":1}}},"4":{"name":"createAttachmentPresignedUrl","decl":{"start":{"line":75,"column":22},"end":{"line":75,"column":50}},"loc":{"start":{"line":75,"column":81},"end":{"line":89,"column":1}}}},"branchMap":{},"s":{"0":5,"1":5,"2":5,"3":5,"4":5,"5":5,"6":5,"7":2,"8":2,"9":1,"10":1,"11":1,"12":5,"13":2,"14":2,"15":2,"16":2,"17":1,"18":1,"19":1,"20":5,"21":2,"22":2,"23":2,"24":1,"25":5,"26":2,"27":2,"28":1,"29":5,"30":0,"31":0,"32":0,"33":0,"34":0,"35":0,"36":0,"37":5},"f":{"0":2,"1":2,"2":2,"3":2,"4":0},"b":{}}
,"/home/chris/Documents/Udacity/Capstone/chat-app/backend/src/helpers/attachmentUtils.ts": {"path":"/home/chris/Documents/Udacity/Capstone/chat-app/backend/src/helpers/attachmentUtils.ts","statementMap":{"0":{"start":{"line":1,"column":0},"end":{"line":1,"column":30}},"1":{"start":{"line":3,"column":0},"end":{"line":3,"column":39}},"2":{"start":{"line":5,"column":13},"end":{"line":5,"column":36}},"3":{"start":{"line":7,"column":11},"end":{"line":9,"column":2}},"4":{"start":{"line":18,"column":8},"end":{"line":20,"column":null}},"5":{"start":{"line":21,"column":8},"end":{"line":21,"column":null}},"6":{"start":{"line":22,"column":8},"end":{"line":22,"column":null}},"7":{"start":{"line":27,"column":23},"end":{"line":31,"column":null}},"8":{"start":{"line":33,"column":8},"end":{"line":39,"column":null}},"9":{"start":{"line":34,"column":28},"end":{"line":34,"column":64}},"10":{"start":{"line":35,"column":12},"end":{"line":35,"column":null}},"11":{"start":{"line":37,"column":12},"end":{"line":37,"column":null}},"12":{"start":{"line":38,"column":8},"end":{"line":38,"column":null}},"13":{"start":{"line":11,"column":0},"end":{"line":11,"column":13}}},"fnMap":{"0":{"name":"(anonymous_6)","decl":{"start":{"line":17,"column":4},"end":{"line":17,"column":null}},"loc":{"start":{"line":17,"column":4},"end":{"line":23,"column":5}}},"1":{"name":"(anonymous_7)","decl":{"start":{"line":25,"column":4},"end":{"line":25,"column":9}},"loc":{"start":{"line":25,"column":48},"end":{"line":40,"column":5}}}},"branchMap":{},"s":{"0":5,"1":5,"2":5,"3":5,"4":5,"5":5,"6":5,"7":0,"8":0,"9":0,"10":0,"11":0,"12":0,"13":5},"f":{"0":5,"1":0},"b":{}}
,"/home/chris/Documents/Udacity/Capstone/chat-app/backend/src/helpers/blogsAccess.ts": {"path":"/home/chris/Documents/Udacity/Capstone/chat-app/backend/src/helpers/blogsAccess.ts","statementMap":{"0":{"start":{"line":1,"column":0},"end":{"line":1,"column":30}},"1":{"start":{"line":2,"column":16},"end":{"line":2,"column":39}},"2":{"start":{"line":4,"column":0},"end":{"line":4,"column":46}},"3":{"start":{"line":8,"column":15},"end":{"line":13,"column":2}},"4":{"start":{"line":15,"column":0},"end":{"line":15,"column":50}},"5":{"start":{"line":17,"column":15},"end":{"line":17,"column":41}},"6":{"start":{"line":23,"column":21},"end":{"line":23,"column":49}},"7":{"start":{"line":24,"column":21},"end":{"line":24,"column":42}},"8":{"start":{"line":25,"column":21},"end":{"line":25,"column":47}},"9":{"start":{"line":32,"column":19},"end":{"line":39,"column":6}},"10":{"start":{"line":43,"column":4},"end":{"line":52,"column":null}},"11":{"start":{"line":44,"column":6},"end":{"line":44,"column":null}},"12":{"start":{"line":46,"column":6},"end":{"line":50,"column":null}},"13":{"start":{"line":51,"column":6},"end":{"line":51,"column":null}},"14":{"start":{"line":57,"column":16},"end":{"line":57,"column":194}},"15":{"start":{"line":58,"column":48},"end":{"line":61,"column":null}},"16":{"start":{"line":63,"column":4},"end":{"line":72,"column":null}},"17":{"start":{"line":64,"column":6},"end":{"line":64,"column":null}},"18":{"start":{"line":66,"column":6},"end":{"line":70,"column":null}},"19":{"start":{"line":71,"column":8},"end":{"line":71,"column":null}},"20":{"start":{"line":76,"column":19},"end":{"line":85,"column":null}},"21":{"start":{"line":86,"column":4},"end":{"line":99,"column":null}},"22":{"start":{"line":87,"column":6},"end":{"line":91,"column":null}},"23":{"start":{"line":88,"column":8},"end":{"line":90,"column":null}},"24":{"start":{"line":89,"column":10},"end":{"line":89,"column":null}},"25":{"start":{"line":93,"column":6},"end":{"line":97,"column":null}},"26":{"start":{"line":98,"column":6},"end":{"line":98,"column":null}},"27":{"start":{"line":103,"column":17},"end":{"line":108,"column":null}},"28":{"start":{"line":109,"column":4},"end":{"line":122,"column":null}},"29":{"start":{"line":110,"column":6},"end":{"line":114,"column":null}},"30":{"start":{"line":111,"column":8},"end":{"line":113,"column":null}},"31":{"start":{"line":112,"column":10},"end":{"line":112,"column":null}},"32":{"start":{"line":116,"column":6},"end":{"line":120,"column":null}},"33":{"start":{"line":121,"column":6},"end":{"line":121,"column":null}},"34":{"start":{"line":126,"column":19},"end":{"line":134,"column":null}},"35":{"start":{"line":135,"column":4},"end":{"line":148,"column":null}},"36":{"start":{"line":136,"column":6},"end":{"line":140,"column":null}},"37":{"start":{"line":137,"column":8},"end":{"line":139,"column":null}},"38":{"start":{"line":138,"column":10},"end":{"line":138,"column":null}},"39":{"start":{"line":142,"column":6},"end":{"line":146,"column":null}},"40":{"start":{"line":147,"column":6},"end":{"line":147,"column":null}},"41":{"start":{"line":19,"column":0},"end":{"line":19,"column":13}}},"fnMap":{"0":{"name":"(anonymous_6)","decl":{"start":{"line":22,"column":2},"end":{"line":22,"column":null}},"loc":{"start":{"line":25,"column":81},"end":{"line":28,"column":3}}},"1":{"name":"(anonymous_7)","decl":{"start":{"line":30,"column":2},"end":{"line":30,"column":7}},"loc":{"start":{"line":30,"column":34},"end":{"line":54,"column":3}}},"2":{"name":"(anonymous_8)","decl":{"start":{"line":56,"column":2},"end":{"line":56,"column":7}},"loc":{"start":{"line":56,"column":41},"end":{"line":73,"column":3}}},"3":{"name":"(anonymous_9)","decl":{"start":{"line":75,"column":2},"end":{"line":75,"column":7}},"loc":{"start":{"line":75,"column":82},"end":{"line":100,"column":3}}},"4":{"name":"(anonymous_10)","decl":{"start":{"line":87,"column":42},"end":{"line":87,"column":51}},"loc":{"start":{"line":87,"column":54},"end":{"line":91,"column":7}}},"5":{"name":"(anonymous_11)","decl":{"start":{"line":102,"column":2},"end":{"line":102,"column":7}},"loc":{"start":{"line":102,"column":53},"end":{"line":123,"column":3}}},"6":{"name":"(anonymous_12)","decl":{"start":{"line":110,"column":42},"end":{"line":110,"column":51}},"loc":{"start":{"line":110,"column":54},"end":{"line":114,"column":7}}},"7":{"name":"(anonymous_13)","decl":{"start":{"line":125,"column":2},"end":{"line":125,"column":7}},"loc":{"start":{"line":125,"column":83},"end":{"line":149,"column":3}}},"8":{"name":"(anonymous_14)","decl":{"start":{"line":136,"column":42},"end":{"line":136,"column":51}},"loc":{"start":{"line":136,"column":54},"end":{"line":140,"column":7}}}},"branchMap":{"0":{"loc":{"start":{"line":23,"column":21},"end":{"line":23,"column":55}},"type":"default-arg","locations":[{"start":{"line":23,"column":49},"end":{"line":23,"column":55}}]},"1":{"loc":{"start":{"line":24,"column":21},"end":{"line":24,"column":65}},"type":"default-arg","locations":[{"start":{"line":24,"column":42},"end":{"line":24,"column":65}}]},"2":{"loc":{"start":{"line":25,"column":21},"end":{"line":25,"column":81}},"type":"default-arg","locations":[{"start":{"line":25,"column":47},"end":{"line":25,"column":81}}]},"3":{"loc":{"start":{"line":88,"column":8},"end":{"line":90,"column":null}},"type":"if","locations":[{"start":{"line":88,"column":8},"end":{"line":90,"column":null}}]},"4":{"loc":{"start":{"line":111,"column":8},"end":{"line":113,"column":null}},"type":"if","locations":[{"start":{"line":111,"column":8},"end":{"line":113,"column":null}}]},"5":{"loc":{"start":{"line":137,"column":8},"end":{"line":139,"column":null}},"type":"if","locations":[{"start":{"line":137,"column":8},"end":{"line":139,"column":null}}]}},"s":{"0":5,"1":5,"2":5,"3":5,"4":5,"5":5,"6":5,"7":5,"8":5,"9":0,"10":0,"11":0,"12":0,"13":0,"14":0,"15":0,"16":0,"17":0,"18":0,"19":0,"20":0,"21":0,"22":0,"23":0,"24":0,"25":0,"26":0,"27":0,"28":0,"29":0,"30":0,"31":0,"32":0,"33":0,"34":0,"35":0,"36":0,"37":0,"38":0,"39":0,"40":0,"41":5},"f":{"0":5,"1":0,"2":0,"3":0,"4":0,"5":0,"6":0,"7":0,"8":0},"b":{"0":[5],"1":[5],"2":[5],"3":[0],"4":[0],"5":[0]}}
,"/home/chris/Documents/Udacity/Capstone/chat-app/backend/src/lambda/utils.ts": {"path":"/home/chris/Documents/Udacity/Capstone/chat-app/backend/src/lambda/utils.ts","statementMap":{"0":{"start":{"line":2,"column":0},"end":{"line":2,"column":44}},"1":{"start":{"line":11,"column":24},"end":{"line":11,"column":51}},"2":{"start":{"line":12,"column":16},"end":{"line":12,"column":40}},"3":{"start":{"line":13,"column":19},"end":{"line":13,"column":27}},"4":{"start":{"line":15,"column":2},"end":{"line":15,"column":null}},"5":{"start":{"line":10,"column":0},"end":{"line":10,"column":16}}},"fnMap":{"0":{"name":"getUserId","decl":{"start":{"line":10,"column":16},"end":{"line":10,"column":25}},"loc":{"start":{"line":10,"column":53},"end":{"line":16,"column":1}}}},"branchMap":{},"s":{"0":3,"1":2,"2":2,"3":0,"4":0,"5":3},"f":{"0":2},"b":{}}
,"/home/chris/Documents/Udacity/Capstone/chat-app/backend/src/lambda/http/createBlog.ts": {"path":"/home/chris/Documents/Udacity/Capstone/chat-app/backend/src/lambda/http/createBlog.ts","statementMap":{"0":{"start":{"line":2,"column":0},"end":{"line":2,"column":36}},"1":{"start":{"line":3,"column":0},"end":{"line":3,"column":25}},"2":{"start":{"line":4,"column":0},"end":{"line":4,"column":40}},"3":{"start":{"line":6,"column":0},"end":{"line":6,"column":37}},"4":{"start":{"line":7,"column":0},"end":{"line":7,"column":54}},"5":{"start":{"line":8,"column":0},"end":{"line":8,"column":49}},"6":{"start":{"line":10,"column":15},"end":{"line":10,"column":41}},"7":{"start":{"line":11,"column":13},"end":{"line":62,"column":null}},"8":{"start":{"line":13,"column":4},"end":{"line":28,"column":null}},"9":{"start":{"line":14,"column":6},"end":{"line":14,"column":null}},"10":{"start":{"line":16,"column":6},"end":{"line":18,"column":null}},"11":{"start":{"line":19,"column":6},"end":{"line":27,"column":null}},"12":{"start":{"line":30,"column":39},"end":{"line":30,"column":61}},"13":{"start":{"line":31,"column":28},"end":{"line":31,"column":44}},"14":{"start":{"line":33,"column":4},"end":{"line":60,"column":null}},"15":{"start":{"line":34,"column":23},"end":{"line":34,"column":56}},"16":{"start":{"line":35,"column":6},"end":{"line":45,"column":null}},"17":{"start":{"line":47,"column":6},"end":{"line":50,"column":null}},"18":{"start":{"line":51,"column":6},"end":{"line":59,"column":null}},"19":{"start":{"line":64,"column":0},"end":{"line":68,"column":null}},"20":{"start":{"line":71,"column":2},"end":{"line":85,"column":null}},"21":{"start":{"line":72,"column":4},"end":{"line":72,"column":null}},"22":{"start":{"line":74,"column":4},"end":{"line":84,"column":null}},"23":{"start":{"line":75,"column":6},"end":{"line":75,"column":null}},"24":{"start":{"line":77,"column":19},"end":{"line":77,"column":41}},"25":{"start":{"line":78,"column":6},"end":{"line":80,"column":null}},"26":{"start":{"line":79,"column":8},"end":{"line":79,"column":null}},"27":{"start":{"line":81,"column":6},"end":{"line":83,"column":null}},"28":{"start":{"line":82,"column":8},"end":{"line":82,"column":null}}},"fnMap":{"0":{"name":"(anonymous_1)","decl":{"start":{"line":12,"column":2},"end":{"line":12,"column":7}},"loc":{"start":{"line":12,"column":72},"end":{"line":61,"column":3}}},"1":{"name":"validateParameters","decl":{"start":{"line":70,"column":9},"end":{"line":70,"column":27}},"loc":{"start":{"line":70,"column":33},"end":{"line":86,"column":1}}}},"branchMap":{"0":{"loc":{"start":{"line":71,"column":2},"end":{"line":85,"column":null}},"type":"if","locations":[{"start":{"line":71,"column":2},"end":{"line":85,"column":null}},{"start":{"line":73,"column":9},"end":{"line":85,"column":null}}]},"1":{"loc":{"start":{"line":74,"column":4},"end":{"line":84,"column":null}},"type":"if","locations":[{"start":{"line":74,"column":4},"end":{"line":84,"column":null}},{"start":{"line":76,"column":11},"end":{"line":84,"column":null}}]},"2":{"loc":{"start":{"line":78,"column":6},"end":{"line":80,"column":null}},"type":"if","locations":[{"start":{"line":78,"column":6},"end":{"line":80,"column":null}}]},"3":{"loc":{"start":{"line":81,"column":6},"end":{"line":83,"column":null}},"type":"if","locations":[{"start":{"line":81,"column":6},"end":{"line":83,"column":null}}]}},"s":{"0":1,"1":1,"2":1,"3":1,"4":1,"5":1,"6":1,"7":1,"8":1,"9":1,"10":0,"11":0,"12":1,"13":1,"14":1,"15":1,"16":1,"17":0,"18":0,"19":1,"20":1,"21":0,"22":1,"23":0,"24":1,"25":1,"26":0,"27":1,"28":0},"f":{"0":1,"1":1},"b":{"0":[0,1],"1":[0,1],"2":[0],"3":[0]}}
,"/home/chris/Documents/Udacity/Capstone/chat-app/backend/src/lambda/http/deleteBlog.ts": {"path":"/home/chris/Documents/Udacity/Capstone/chat-app/backend/src/lambda/http/deleteBlog.ts","statementMap":{"0":{"start":{"line":1,"column":0},"end":{"line":1,"column":36}},"1":{"start":{"line":4,"column":0},"end":{"line":4,"column":25}},"2":{"start":{"line":5,"column":0},"end":{"line":5,"column":58}},"3":{"start":{"line":6,"column":0},"end":{"line":6,"column":36}},"4":{"start":{"line":7,"column":0},"end":{"line":7,"column":54}},"5":{"start":{"line":9,"column":13},"end":{"line":49,"column":null}},"6":{"start":{"line":11,"column":4},"end":{"line":23,"column":null}},"7":{"start":{"line":12,"column":6},"end":{"line":12,"column":null}},"8":{"start":{"line":14,"column":6},"end":{"line":22,"column":null}},"9":{"start":{"line":25,"column":19},"end":{"line":25,"column":46}},"10":{"start":{"line":26,"column":19},"end":{"line":26,"column":35}},"11":{"start":{"line":28,"column":4},"end":{"line":47,"column":null}},"12":{"start":{"line":29,"column":6},"end":{"line":29,"column":null}},"13":{"start":{"line":30,"column":6},"end":{"line":36,"column":null}},"14":{"start":{"line":38,"column":6},"end":{"line":46,"column":null}},"15":{"start":{"line":51,"column":0},"end":{"line":57,"column":null}},"16":{"start":{"line":60,"column":2},"end":{"line":66,"column":null}},"17":{"start":{"line":61,"column":4},"end":{"line":61,"column":null}},"18":{"start":{"line":63,"column":4},"end":{"line":65,"column":null}},"19":{"start":{"line":64,"column":6},"end":{"line":64,"column":null}}},"fnMap":{"0":{"name":"(anonymous_1)","decl":{"start":{"line":10,"column":2},"end":{"line":10,"column":7}},"loc":{"start":{"line":10,"column":72},"end":{"line":48,"column":3}}},"1":{"name":"validateParameters","decl":{"start":{"line":59,"column":9},"end":{"line":59,"column":27}},"loc":{"start":{"line":59,"column":33},"end":{"line":67,"column":1}}}},"branchMap":{"0":{"loc":{"start":{"line":60,"column":2},"end":{"line":66,"column":null}},"type":"if","locations":[{"start":{"line":60,"column":2},"end":{"line":66,"column":null}},{"start":{"line":62,"column":9},"end":{"line":66,"column":null}}]},"1":{"loc":{"start":{"line":63,"column":4},"end":{"line":65,"column":null}},"type":"if","locations":[{"start":{"line":63,"column":4},"end":{"line":65,"column":null}}]}},"s":{"0":3,"1":3,"2":3,"3":3,"4":3,"5":3,"6":3,"7":3,"8":1,"9":2,"10":2,"11":0,"12":0,"13":0,"14":0,"15":3,"16":3,"17":0,"18":3,"19":1},"f":{"0":3,"1":3},"b":{"0":[0,3],"1":[1]}}
,"/home/chris/Documents/Udacity/Capstone/chat-app/backend/src/utils/logger.ts": {"path":"/home/chris/Documents/Udacity/Capstone/chat-app/backend/src/utils/logger.ts","statementMap":{"0":{"start":{"line":1,"column":0},"end":{"line":1,"column":34}},"1":{"start":{"line":9,"column":2},"end":{"line":16,"column":null}},"2":{"start":{"line":8,"column":0},"end":{"line":8,"column":16}}},"fnMap":{"0":{"name":"createLogger","decl":{"start":{"line":8,"column":16},"end":{"line":8,"column":28}},"loc":{"start":{"line":8,"column":47},"end":{"line":17,"column":1}}}},"branchMap":{},"s":{"0":6,"1":11,"2":6},"f":{"0":11},"b":{}}
}
