TN:
SF:src/auth/utils.ts
FN:10,parseUserId
FNF:1
FNH:0
FNDA:0,parseUserId
DA:1,3
DA:10,3
DA:11,0
DA:12,0
LF:4
LH:2
BRF:0
BRH:0
end_of_record
TN:
SF:src/businessLogic/blogs.ts
FN:13,getBlogForUser
FN:27,createBlog
FN:54,updateBlog
FN:66,deleteBlog
FN:75,createAttachmentPresignedUrl
FNF:5
FNH:4
FNDA:2,getBlogForUser
FNDA:2,createBlog
FNDA:2,updateBlog
FNDA:2,deleteBlog
FNDA:0,createAttachmentPresignedUrl
DA:1,5
DA:2,5
DA:6,5
DA:7,5
DA:10,5
DA:11,5
DA:12,5
DA:13,5
DA:14,2
DA:15,2
DA:16,1
DA:18,1
DA:22,1
DA:27,5
DA:29,2
DA:31,2
DA:40,2
DA:41,2
DA:42,1
DA:44,1
DA:49,1
DA:54,5
DA:55,2
DA:59,2
DA:60,2
DA:62,1
DA:66,5
DA:68,2
DA:69,2
DA:71,1
DA:75,5
DA:76,0
DA:77,0
DA:78,0
DA:79,0
DA:80,0
DA:82,0
DA:87,0
LF:38
LH:31
BRF:0
BRH:0
end_of_record
TN:
SF:src/helpers/attachmentUtils.ts
FN:17,(anonymous_6)
FN:25,(anonymous_7)
FNF:2
FNH:1
FNDA:5,(anonymous_6)
FNDA:0,(anonymous_7)
DA:1,5
DA:3,5
DA:5,5
DA:7,5
DA:11,5
DA:18,5
DA:21,5
DA:22,5
DA:27,0
DA:33,0
DA:34,0
DA:35,0
DA:37,0
DA:38,0
LF:14
LH:8
BRF:0
BRH:0
end_of_record
TN:
SF:src/helpers/blogsAccess.ts
FN:22,(anonymous_6)
FN:30,(anonymous_7)
FN:56,(anonymous_8)
FN:75,(anonymous_9)
FN:87,(anonymous_10)
FN:102,(anonymous_11)
FN:110,(anonymous_12)
FN:125,(anonymous_13)
FN:136,(anonymous_14)
FNF:9
FNH:1
FNDA:5,(anonymous_6)
FNDA:0,(anonymous_7)
FNDA:0,(anonymous_8)
FNDA:0,(anonymous_9)
FNDA:0,(anonymous_10)
FNDA:0,(anonymous_11)
FNDA:0,(anonymous_12)
FNDA:0,(anonymous_13)
FNDA:0,(anonymous_14)
DA:1,5
DA:2,5
DA:4,5
DA:8,5
DA:15,5
DA:17,5
DA:19,5
DA:23,5
DA:24,5
DA:25,5
DA:32,0
DA:43,0
DA:44,0
DA:46,0
DA:51,0
DA:57,0
DA:58,0
DA:63,0
DA:64,0
DA:66,0
DA:71,0
DA:76,0
DA:86,0
DA:87,0
DA:88,0
DA:89,0
DA:93,0
DA:98,0
DA:103,0
DA:109,0
DA:110,0
DA:111,0
DA:112,0
DA:116,0
DA:121,0
DA:126,0
DA:135,0
DA:136,0
DA:137,0
DA:138,0
DA:142,0
DA:147,0
LF:42
LH:10
BRDA:23,0,0,5
BRDA:24,1,0,5
BRDA:25,2,0,5
BRDA:88,3,0,0
BRDA:111,4,0,0
BRDA:137,5,0,0
BRF:6
BRH:3
end_of_record
TN:
SF:src/lambda/utils.ts
FN:10,getUserId
FNF:1
FNH:1
FNDA:2,getUserId
DA:2,3
DA:10,3
DA:11,2
DA:12,2
DA:13,0
DA:15,0
LF:6
LH:4
BRF:0
BRH:0
end_of_record
TN:
SF:src/lambda/http/createBlog.ts
FN:12,(anonymous_1)
FN:70,validateParameters
FNF:2
FNH:2
FNDA:1,(anonymous_1)
FNDA:1,validateParameters
DA:2,1
DA:3,1
DA:4,1
DA:6,1
DA:7,1
DA:8,1
DA:10,1
DA:11,1
DA:13,1
DA:14,1
DA:16,0
DA:19,0
DA:30,1
DA:31,1
DA:33,1
DA:34,1
DA:35,1
DA:47,0
DA:51,0
DA:64,1
DA:71,1
DA:72,0
DA:74,1
DA:75,0
DA:77,1
DA:78,1
DA:79,0
DA:81,1
DA:82,0
LF:29
LH:21
BRDA:71,0,0,0
BRDA:71,0,1,1
BRDA:74,1,0,0
BRDA:74,1,1,1
BRDA:78,2,0,0
BRDA:81,3,0,0
BRF:6
BRH:2
end_of_record
TN:
SF:src/lambda/http/deleteBlog.ts
FN:10,(anonymous_1)
FN:59,validateParameters
FNF:2
FNH:2
FNDA:3,(anonymous_1)
FNDA:3,validateParameters
DA:1,3
DA:4,3
DA:5,3
DA:6,3
DA:7,3
DA:9,3
DA:11,3
DA:12,3
DA:14,1
DA:25,2
DA:26,2
DA:28,0
DA:29,0
DA:30,0
DA:38,0
DA:51,3
DA:60,3
DA:61,0
DA:63,3
DA:64,1
LF:20
LH:15
BRDA:60,0,0,0
BRDA:60,0,1,3
BRDA:63,1,0,1
BRF:3
BRH:2
end_of_record
TN:
SF:src/utils/logger.ts
FN:8,createLogger
FNF:1
FNH:1
FNDA:11,createLogger
DA:1,6
DA:8,6
DA:9,11
LF:3
LH:3
BRF:0
BRH:0
end_of_record
